Arguments: 
  C:\Program Files\nodejs\node.exe C:\Users\User\AppData\Roaming\npm\node_modules\yarn\bin\yarn.js

PATH: 
  C:\Program Files (x86)\Common Files\Oracle\Java\javapath;C:\Windows\system32;C:\Windows;C:\Windows\System32\Wbem;C:\Windows\System32\WindowsPowerShell\v1.0\;C:\Windows\System32\OpenSSH\;C:\MinGW\bin;C:\Program Files\Amazon\AWSCLIV2\;C:\Program Files\nodejs\;C:\Program Files\Git\cmd;C:\Program Files\kotlinc\bin;C:\Users\User\AppData\Local\Programs\Python\Python39-32\Scripts\;C:\Users\User\AppData\Local\Programs\Python\Python39-32\;C:\Windows\system32;C:\Windows;C:\Windows\System32\Wbem;C:\Windows\System32\WindowsPowerShell\v1.0\;C:\Windows\System32\OpenSSH\;C:\Program Files\nodejs\;C:\MinGW\bin;C:\Program Files\Git\cmd;C:\Users\User\AppData\Local\Microsoft\WindowsApps;C:\Users\User\AppData\Local\Programs\Microsoft VS Code\bin;C:\Users\User\AppData\Local\GitHubDesktop\bin;C:\Program Files\MongoDB\Server\4.4\bin;C:\Program Files\JetBrains\PhpStorm 2020.3.3\bin;c:\wp-cli;C:\Users\User\AppData\Local\Google\Cloud SDK\google-cloud-sdk\bin;C:\Users\User\AppData\Roaming\npm;C:\Program Files\kotlinc\bin

Yarn version: 
  1.22.10

Node version: 
  14.17.3

Platform: 
  win32 x64

Trace: 
  Error: getaddrinfo ENOTFOUND registry.yarnpkg.com
      at GetAddrInfoReqWrap.onlookup [as oncomplete] (dns.js:69:26)

npm manifest: 
  {
    "name": "app",
    "version": "1.0.0",
    "description": "",
    "main": "app.js",
    "scripts": {
      "start": "nodemon app.js",
      "offline": "sls offline start --skipCacheInvalidation"
    },
    "author": "",
    "license": "ISC",
    "dependencies": {
      "body-parser": "^1.19.0",
      "cors": "^2.8.5",
      "dotenv": "^8.6.0",
      "express": "^4.17.1",
      "mongod": "^2.0.0",
      "mongodb": "^3.7.3",
      "mongoose": "^5.13.13",
      "react-bootstrap-table2-paginator": "^2.1.2",
      "serverless": "^2.66.2",
      "serverless-http": "^2.7.0"
    },
    "devDependencies": {
      "nodemon": "^2.0.15",
      "serverless-offline": "^6.9.0"
    }
  }

yarn manifest: 
  No manifest

Lockfile: 
  No lockfile
